
 ⛅️ wrangler 3.114.17 (update available 4.85.0)
-----------------------------------------------

✨ Compiled Worker successfully
✨ Parsed 1 valid header rule.
Using vars defined in .dev.vars
Your Worker and resources are simulated locally via Miniflare. For more information, see: https://developers.cloudflare.com/workers/testing/local-development.

Your worker has access to the following bindings:
- Vars:
  - REPO_OWNER: "brvale97"
  - REPO_NAME: "braindump-bram"
  - GITHUB_TOKEN: "(hidden)"
  - PIN_HASH: "(hidden)"
  - SESSION_SECRET: "(hidden)"
[wrangler:inf] Ready on http://127.0.0.1:8788
⎔ Starting local server...
[wrangler:inf] GET / 200 OK (21ms)
[wrangler:inf] GET / 200 OK (15ms)
[wrangler:inf] GET /style.css 200 OK (12ms)
[wrangler:inf] GET /js/app.js 200 OK (16ms)
[wrangler:inf] GET /js/api.js 200 OK (11ms)
[wrangler:inf] GET /js/state.js 200 OK (15ms)
[wrangler:inf] GET /js/ui.js 200 OK (17ms)
[wrangler:inf] GET /js/feedSpace.js 200 OK (19ms)
[wrangler:inf] GET /js/overview.js 200 OK (18ms)
[wrangler:inf] GET /js/uploads.js 200 OK (24ms)
[wrangler:inf] GET /js/settings.js 200 OK (18ms)
[wrangler:inf] GET /js/pwa.js 200 OK (19ms)
[wrangler:inf] GET /api/auth/session 200 OK (6ms)
[wrangler:inf] GET /sw.js 200 OK (10ms)
[wrangler:inf] GET /index.html 308 Permanent Redirect (8ms)
[wrangler:inf] GET / 304 Not Modified (7ms)
[wrangler:inf] GET /style.css 304 Not Modified (7ms)
[wrangler:inf] GET / 304 Not Modified (7ms)
[wrangler:inf] GET /manifest.json 200 OK (8ms)
[wrangler:inf] GET /favicon.svg 200 OK (10ms)
[wrangler:inf] GET /js/app.js 304 Not Modified (6ms)
[wrangler:inf] GET /js/api.js 304 Not Modified (9ms)
[wrangler:inf] GET /js/state.js 304 Not Modified (10ms)
[wrangler:inf] GET /js/ui.js 304 Not Modified (9ms)
[wrangler:inf] GET /js/feedSpace.js 304 Not Modified (10ms)
[wrangler:inf] GET /js/overview.js 304 Not Modified (8ms)
[wrangler:inf] GET /js/uploads.js 304 Not Modified (7ms)
[wrangler:inf] GET /js/settings.js 304 Not Modified (5ms)
[wrangler:inf] GET /js/pwa.js 304 Not Modified (6ms)
[wrangler:inf] POST /api/auth 401 Unauthorized (5ms)
[wrangler:inf] POST /api/auth 200 OK (5ms)
[wrangler:inf] POST /api/auth 401 Unauthorized (2ms)
[wrangler:inf] POST /api/auth 200 OK (3ms)
[wrangler:inf] GET /api/inbox 200 OK (303ms)
[wrangler:inf] GET /api/overview 200 OK (915ms)
[wrangler:inf] GET /api/image 200 OK (403ms)
[wrangler:inf] POST /api/inbox 200 OK (1014ms)
[wrangler:inf] GET /api/inbox 200 OK (280ms)
[wrangler:inf] GET /api/inbox 200 OK (261ms)
[wrangler:inf] GET /api/inbox 200 OK (252ms)
[wrangler:inf] GET /api/overview 200 OK (1025ms)
[wrangler:inf] GET /api/inbox 200 OK (257ms)
[wrangler:inf] GET /api/inbox 200 OK (281ms)
[wrangler:inf] GET /api/inbox 200 OK (241ms)
[wrangler:inf] GET /api/overview 200 OK (752ms)
[wrangler:inf] GET /api/inbox 200 OK (273ms)
[wrangler:inf] GET /api/inbox 200 OK (311ms)
[wrangler:inf] GET /api/inbox 200 OK (303ms)
[wrangler:inf] GET /api/overview 200 OK (1052ms)
[wrangler:inf] GET /api/inbox 200 OK (267ms)
[wrangler:inf] GET /api/inbox 200 OK (282ms)
[wrangler:inf] GET /api/inbox 200 OK (264ms)
[wrangler:inf] GET /api/inbox 200 OK (286ms)
[wrangler:inf] GET /api/overview 200 OK (777ms)
[wrangler:inf] GET /api/inbox 200 OK (281ms)
[wrangler:inf] GET /api/inbox 200 OK (260ms)
✨ Compiled Worker successfully
⎔ Reloading local server...
✨ Compiled Worker successfully
⎔ Reloading local server...
[wrangler:inf] GET /api/inbox 200 OK (268ms)
[wrangler:inf] GET /api/overview 200 OK (1000ms)
[wrangler:inf] GET /api/inbox 200 OK (315ms)
[wrangler:inf] GET / 200 OK (10ms)
[wrangler:inf] GET /api/inbox 200 OK (260ms)
[wrangler:inf] GET /api/inbox 200 OK (248ms)
[wrangler:inf] GET /api/overview 200 OK (739ms)
[wrangler:inf] GET /api/inbox 200 OK (306ms)
[wrangler:inf] GET /api/overview 200 OK (878ms)
