
> braindump-web@1.0.0 dev
> wrangler pages dev public --port 8788


 ⛅️ wrangler 4.65.0 (update available 4.83.0)
─────────────────────────────────────────────
✨ Compiled Worker successfully
Using vars defined in .dev.vars
Your Worker has access to the following bindings:
Binding                                                                   Resource                  Mode
env.CF_PAGES ("1")                                                        Environment Variable      local
env.CF_PAGES_BRANCH ("main")                                              Environment Variable      local
env.CF_PAGES_COMMIT_SHA ("8bfb09bae739c48dedd26ccc18bfe1c403a15...")      Environment Variable      local
env.CF_PAGES_URL ("https://8bfb09b.braindump-web.pages.dev")              Environment Variable      local
env.REPO_OWNER ("brvale97")                                               Environment Variable      local
env.REPO_NAME ("braindump-bram")                                          Environment Variable      local
env.GITHUB_TOKEN ("(hidden)")                                             Environment Variable      local
env.PIN_HASH ("(hidden)")                                                 Environment Variable      local
env.SESSION_SECRET ("(hidden)")                                           Environment Variable      local

⎔ Starting local server...
[wrangler:info] Ready on http://127.0.0.1:8788
[wrangler:info] GET / 200 OK (43ms)
[wrangler:info] GET / 200 OK (13ms)
[wrangler:info] GET /style.css 200 OK (12ms)
[wrangler:info] GET /app.js 200 OK (15ms)
[wrangler:info] GET /sw.js 200 OK (9ms)
[wrangler:info] POST /api/auth 200 OK (20ms)
[wrangler:info] GET /api/inbox 200 OK (267ms)
✨ Compiled Worker successfully
⎔ Reloading local server...
⎔ Local server updated and ready
✨ Compiled Worker successfully
⎔ Reloading local server...
⎔ Local server updated and ready
